[2020-12-21T09:17:53.917] [DEBUG] cheese - login => username:zs,password:123456
[2020-12-21T09:17:53.918] [DEBUG] cheese - zs
[2020-12-21T09:17:53.931] [DEBUG] cheese - null
[2020-12-21T09:17:53.931] [DEBUG] cheese - null
[2020-12-21T09:18:17.000] [DEBUG] cheese - login => username:admin,password:123456
[2020-12-21T09:18:17.001] [DEBUG] cheese - admin
[2020-12-21T09:18:17.004] [DEBUG] cheese - null
[2020-12-21T09:18:17.004] [DEBUG] cheese - null
[2020-12-21T11:41:32.352] [DEBUG] cheese - login => username:asd,password:dsfdsf
[2020-12-21T11:41:32.352] [DEBUG] cheese - asd
[2020-12-21T11:41:32.353] [DEBUG] cheese - null
[2020-12-21T11:41:32.354] [DEBUG] cheese - null
[2020-12-21T11:43:21.760] [DEBUG] cheese - login => username:saf,password:dfgdfg
[2020-12-21T11:43:21.760] [DEBUG] cheese - saf
[2020-12-21T11:43:21.761] [DEBUG] cheese - null
[2020-12-21T11:43:21.761] [DEBUG] cheese - null
[2020-12-21T11:44:09.623] [DEBUG] cheese - login => username:admin,password:123456
[2020-12-21T11:44:09.623] [DEBUG] cheese - admin
[2020-12-21T11:44:09.624] [DEBUG] cheese - null
[2020-12-21T11:44:09.624] [DEBUG] cheese - null
[2020-12-21T13:14:13.624] [DEBUG] cheese - login => username:sad,password:dsfdsfg
[2020-12-21T13:14:13.624] [DEBUG] cheese - sad
[2020-12-21T13:14:13.625] [DEBUG] cheese - null
[2020-12-21T13:14:13.625] [DEBUG] cheese - null
[2020-12-21T13:14:24.500] [DEBUG] cheese - login => username:admin,password:123456
[2020-12-21T13:14:24.500] [DEBUG] cheese - admin
[2020-12-21T13:14:24.501] [DEBUG] cheese - null
[2020-12-21T13:14:24.501] [DEBUG] cheese - null
[2020-12-21T13:16:11.672] [DEBUG] cheese - login => username:dsfdsf,password:fdgfdfdg
[2020-12-21T13:16:11.673] [DEBUG] cheese - dsfdsf
[2020-12-21T13:16:11.674] [DEBUG] cheese - null
[2020-12-21T13:16:11.674] [DEBUG] cheese - null
[2020-12-21T13:16:19.193] [DEBUG] cheese - login => username:admin,password:123456
[2020-12-21T13:16:19.194] [DEBUG] cheese - admin
[2020-12-21T13:16:19.195] [DEBUG] cheese - null
[2020-12-21T13:16:19.195] [DEBUG] cheese - null
[2020-12-21T13:21:34.291] [DEBUG] cheese - login => username:sdafdef,password:fdgfdgfdg
[2020-12-21T13:21:34.291] [DEBUG] cheese - sdafdef
[2020-12-21T13:21:34.293] [DEBUG] cheese - null
[2020-12-21T13:21:34.293] [DEBUG] cheese - null
[2020-12-21T13:21:41.760] [DEBUG] cheese - login => username:admin,password:123456
[2020-12-21T13:21:41.760] [DEBUG] cheese - admin
[2020-12-21T13:21:41.761] [DEBUG] cheese - null
[2020-12-21T13:21:41.761] [DEBUG] cheese - null
[2020-12-21T13:26:56.545] [DEBUG] cheese - login => username:admin,password:123456
[2020-12-21T13:26:56.545] [DEBUG] cheese - admin
[2020-12-21T13:26:56.547] [DEBUG] cheese - null
[2020-12-21T13:26:56.548] [DEBUG] cheese - null
[2020-12-21T13:29:32.086] [DEBUG] cheese - login => username:admin,password:123456
[2020-12-21T13:29:32.086] [DEBUG] cheese - admin
[2020-12-21T13:29:32.087] [DEBUG] cheese - null
[2020-12-21T13:29:32.087] [DEBUG] cheese - null
[2020-12-21T13:31:36.518] [DEBUG] cheese - login => username:admin,password:123456
[2020-12-21T13:31:36.518] [DEBUG] cheese - admin
[2020-12-21T13:31:36.520] [DEBUG] cheese - null
[2020-12-21T13:31:36.520] [DEBUG] cheese - null
[2020-12-21T13:39:05.645] [DEBUG] cheese - login => username:admin,password:123456
[2020-12-21T13:39:05.645] [DEBUG] cheese - admin
[2020-12-21T13:39:05.646] [DEBUG] cheese - null
[2020-12-21T13:39:05.646] [DEBUG] cheese - null
[2020-12-21T13:41:39.586] [DEBUG] cheese - login => username:admin,password:123456
[2020-12-21T13:41:39.587] [DEBUG] cheese - admin
[2020-12-21T13:41:39.588] [DEBUG] cheese - null
[2020-12-21T13:41:39.588] [DEBUG] cheese - null
[2020-12-21T13:42:55.678] [DEBUG] cheese - login => username:admin,password:123456
[2020-12-21T13:42:55.678] [DEBUG] cheese - admin
[2020-12-21T13:42:55.680] [DEBUG] cheese - null
[2020-12-21T13:42:55.680] [DEBUG] cheese - null
[2020-12-21T13:50:21.205] [DEBUG] cheese - login => username:asd,password:dsfsdf
[2020-12-21T13:50:21.205] [DEBUG] cheese - asd
[2020-12-21T13:50:21.206] [DEBUG] cheese - null
[2020-12-21T13:50:21.206] [DEBUG] cheese - null
[2020-12-21T13:51:58.670] [DEBUG] cheese - login => username:admin,password:123456
[2020-12-21T13:51:58.670] [DEBUG] cheese - admin
[2020-12-21T13:51:58.671] [DEBUG] cheese - null
[2020-12-21T13:51:58.671] [DEBUG] cheese - null
[2020-12-21T14:03:51.262] [DEBUG] cheese - login => username:admin,password:123456
[2020-12-21T14:03:51.262] [DEBUG] cheese - admin
[2020-12-21T14:03:51.263] [DEBUG] cheese - null
[2020-12-21T14:03:51.263] [DEBUG] cheese - null
[2020-12-21T14:38:29.569] [DEBUG] cheese - login => username:admin,password:123456
[2020-12-21T14:38:29.569] [DEBUG] cheese - admin
[2020-12-21T14:38:29.570] [DEBUG] cheese - null
[2020-12-21T14:38:29.570] [DEBUG] cheese - null
[2020-12-21T15:18:50.473] [DEBUG] cheese - login => username:admin,password:123456
[2020-12-21T15:18:50.473] [DEBUG] cheese - admin
[2020-12-21T15:18:50.475] [DEBUG] cheese - null
[2020-12-21T15:18:50.475] [DEBUG] cheese - null
[2020-12-21T15:21:15.851] [DEBUG] cheese - login => username:admin,password:123456
[2020-12-21T15:21:15.851] [DEBUG] cheese - admin
[2020-12-21T15:21:15.852] [DEBUG] cheese - null
[2020-12-21T15:21:15.852] [DEBUG] cheese - null
[2020-12-21T15:22:43.899] [DEBUG] cheese - login => username:admin,password:123456
[2020-12-21T15:22:43.899] [DEBUG] cheese - admin
[2020-12-21T15:22:43.901] [DEBUG] cheese - null
[2020-12-21T15:22:43.901] [DEBUG] cheese - null
[2020-12-21T15:59:07.746] [DEBUG] cheese - login => username:rret,password:tertret
[2020-12-21T15:59:07.746] [DEBUG] cheese - rret
[2020-12-21T15:59:07.748] [DEBUG] cheese - null
[2020-12-21T15:59:07.748] [DEBUG] cheese - null
[2020-12-21T15:59:13.688] [DEBUG] cheese - login => username:admin,password:123456
[2020-12-21T15:59:13.688] [DEBUG] cheese - admin
[2020-12-21T15:59:13.689] [DEBUG] cheese - null
[2020-12-21T15:59:13.689] [DEBUG] cheese - null
[2020-12-21T16:18:08.747] [DEBUG] cheese - login => username:admin,password:123456
[2020-12-21T16:18:08.747] [DEBUG] cheese - admin
[2020-12-21T16:18:08.749] [DEBUG] cheese - null
[2020-12-21T16:18:08.749] [DEBUG] cheese - null
[2020-12-21T16:35:58.984] [DEBUG] cheese - login => username:admin,password:123456
[2020-12-21T16:35:58.984] [DEBUG] cheese - admin
[2020-12-21T16:35:58.986] [DEBUG] cheese - null
[2020-12-21T16:35:58.986] [DEBUG] cheese - null
[2020-12-21T19:19:56.464] [DEBUG] cheese - login => username:admin,password:123456
[2020-12-21T19:19:56.466] [DEBUG] cheese - admin
[2020-12-21T19:19:56.473] [DEBUG] cheese - null
[2020-12-21T19:19:56.473] [DEBUG] cheese - null
[2020-12-22T09:15:47.909] [DEBUG] cheese - login => username:admin,password:123456
[2020-12-22T09:15:47.910] [DEBUG] cheese - admin
[2020-12-22T09:15:47.934] [DEBUG] cheese - null
[2020-12-22T09:15:47.935] [DEBUG] cheese - null
[2020-12-22T09:57:47.568] [DEBUG] cheese - login => username:admin,password:123456
[2020-12-22T09:57:47.569] [DEBUG] cheese - admin
[2020-12-22T09:57:47.570] [DEBUG] cheese - null
[2020-12-22T09:57:47.570] [DEBUG] cheese - null
[2020-12-22T13:16:12.368] [DEBUG] cheese - login => username:admin,password:123456
[2020-12-22T13:16:12.369] [DEBUG] cheese - admin
[2020-12-22T13:16:12.376] [DEBUG] cheese - null
[2020-12-22T13:16:12.377] [DEBUG] cheese - null
[2020-12-22T13:16:34.258] [DEBUG] cheese - login => username:admin,password:123456
[2020-12-22T13:16:34.259] [DEBUG] cheese - admin
[2020-12-22T13:16:34.260] [DEBUG] cheese - null
[2020-12-22T13:16:34.260] [DEBUG] cheese - null
[2020-12-23T09:12:39.828] [DEBUG] cheese - login => username:admin,password:123456
[2020-12-23T09:12:39.829] [DEBUG] cheese - admin
[2020-12-23T09:12:39.856] [DEBUG] cheese - null
[2020-12-23T09:12:39.856] [DEBUG] cheese - null
[2020-12-23T16:47:46.793] [DEBUG] cheese - null
[2020-12-23T16:49:06.256] [DEBUG] cheese - null
[2020-12-23T16:49:19.595] [DEBUG] cheese - null
[2020-12-23T16:51:49.572] [DEBUG] cheese - null
[2020-12-23T16:55:38.951] [DEBUG] cheese - null
[2020-12-24T09:04:16.695] [DEBUG] cheese - login => username:admin,password:123456
[2020-12-24T09:04:16.696] [DEBUG] cheese - admin
[2020-12-24T09:04:16.719] [DEBUG] cheese - null
[2020-12-24T09:04:16.719] [DEBUG] cheese - null
[2020-12-25T10:36:43.791] [DEBUG] cheese - login => username:admin,password:123456
[2020-12-25T10:36:43.792] [DEBUG] cheese - admin
[2020-12-25T10:36:43.814] [DEBUG] cheese - null
[2020-12-25T10:36:43.814] [DEBUG] cheese - null
[2020-12-25T11:23:10.101] [DEBUG] cheese - null
[2020-12-25T11:26:47.761] [DEBUG] cheese - null
[2020-12-25T11:26:50.312] [DEBUG] cheese - null
[2020-12-25T11:27:01.143] [DEBUG] cheese - null
[2020-12-25T15:15:12.701] [DEBUG] cheese - null
[2020-12-25T15:15:17.620] [DEBUG] cheese - null
[2020-12-25T16:05:27.422] [DEBUG] cheese - null
[2020-12-28T09:39:09.467] [DEBUG] cheese - login => username:admin,password:123456
[2020-12-28T09:39:09.468] [DEBUG] cheese - admin
[2020-12-28T09:39:09.493] [DEBUG] cheese - null
[2020-12-28T09:39:09.493] [DEBUG] cheese - null
[2020-12-29T09:05:59.594] [DEBUG] cheese - login => username:admin,password:123456
[2020-12-29T09:05:59.595] [DEBUG] cheese - admin
[2020-12-29T09:05:59.616] [DEBUG] cheese - null
[2020-12-29T09:05:59.616] [DEBUG] cheese - null
[2020-12-30T09:04:26.573] [DEBUG] cheese - login => username:admin,password:123456
[2020-12-30T09:04:26.575] [DEBUG] cheese - admin
[2020-12-30T09:04:26.594] [DEBUG] cheese - null
[2020-12-30T09:04:26.595] [DEBUG] cheese - null
[2020-12-31T09:25:11.434] [DEBUG] cheese - login => username:admin,password:123456
[2020-12-31T09:25:11.435] [DEBUG] cheese - admin
[2020-12-31T09:25:11.456] [DEBUG] cheese - null
[2020-12-31T09:25:11.457] [DEBUG] cheese - null
[2020-12-31T15:27:53.677] [DEBUG] cheese - null
[2020-12-31T15:28:33.843] [DEBUG] cheese - null
[2020-12-31T15:28:38.993] [DEBUG] cheese - null
[2020-12-31T15:28:44.783] [DEBUG] cheese - null
[2020-12-31T18:04:21.403] [DEBUG] cheese - null
[2021-01-04T09:00:18.390] [DEBUG] cheese - login => username:admin,password:123456
[2021-01-04T09:00:18.391] [DEBUG] cheese - admin
[2021-01-04T09:00:18.412] [DEBUG] cheese - null
[2021-01-04T09:00:18.413] [DEBUG] cheese - null
